# JRE version: OpenJDK Runtime Environment (8.0_242-b08) (build 1.8.0_242-8u242-b08-0ubuntu3~18.04-b08)
# Java VM: OpenJDK 64-Bit Server VM (25.242-b08 mixed mode linux-amd64 compressed oops)
Heap:
 PSYoungGen      total 146432K, used 94673K [0x00000000f5580000, 0x00000000ffe80000, 0x0000000100000000)
  eden space 120832K, 72% used [0x00000000f5580000,0x00000000faa9c538,0x00000000fcb80000)
  from space 25600K, 29% used [0x00000000fe580000,0x00000000fecd8010,0x00000000ffe80000)
  to   space 26112K, 0% used [0x00000000fcb80000,0x00000000fcb80000,0x00000000fe500000)
 ParOldGen       total 84480K, used 51047K [0x00000000e0000000, 0x00000000e5280000, 0x00000000f5580000)
  object space 84480K, 60% used [0x00000000e0000000,0x00000000e31d9f60,0x00000000e5280000)
 Metaspace       used 50020K, capacity 52488K, committed 52608K, reserved 1095680K
  class space    used 6544K, capacity 7010K, committed 7040K, reserved 1048576K
GC Heap History (10 events):
Event: 1326.588 GC heap before
{Heap before GC invocations=26 (full 2):
 PSYoungGen      total 143872K, used 122640K [0x00000000f5580000, 0x0000000100000000, 0x0000000100000000)
  eden space 115200K, 100% used [0x00000000f5580000,0x00000000fc600000,0x00000000fc600000)
  from space 28672K, 25% used [0x00000000fc600000,0x00000000fcd44020,0x00000000fe200000)
  to   space 28672K, 0% used [0x00000000fe400000,0x00000000fe400000,0x0000000100000000)
 ParOldGen       total 84480K, used 49623K [0x00000000e0000000, 0x00000000e5280000, 0x00000000f5580000)
  object space 84480K, 58% used [0x00000000e0000000,0x00000000e3075f10,0x00000000e5280000)
 Metaspace       used 48793K, capacity 50002K, committed 50176K, reserved 1093632K
  class space    used 6334K, capacity 6633K, committed 6656K, reserved 1048576K
Event: 1326.602 GC heap after
Heap after GC invocations=26 (full 2):
 PSYoungGen      total 144896K, used 9562K [0x00000000f5580000, 0x00000000fff00000, 0x0000000100000000)
  eden space 117248K, 0% used [0x00000000f5580000,0x00000000f5580000,0x00000000fc800000)
  from space 27648K, 34% used [0x00000000fe400000,0x00000000fed56928,0x00000000fff00000)
  to   space 28160K, 0% used [0x00000000fc800000,0x00000000fc800000,0x00000000fe380000)
 ParOldGen       total 84480K, used 49623K [0x00000000e0000000, 0x00000000e5280000, 0x00000000f5580000)
  object space 84480K, 58% used [0x00000000e0000000,0x00000000e3075f10,0x00000000e5280000)
 Metaspace       used 48793K, capacity 50002K, committed 50176K, reserved 1093632K
  class space    used 6334K, capacity 6633K, committed 6656K, reserved 1048576K
}
Event: 1326.861 GC heap before
{Heap before GC invocations=27 (full 2):
 PSYoungGen      total 144896K, used 126810K [0x00000000f5580000, 0x00000000fff00000, 0x0000000100000000)
  eden space 117248K, 100% used [0x00000000f5580000,0x00000000fc800000,0x00000000fc800000)
  from space 27648K, 34% used [0x00000000fe400000,0x00000000fed56928,0x00000000fff00000)
  to   space 28160K, 0% used [0x00000000fc800000,0x00000000fc800000,0x00000000fe380000)
 ParOldGen       total 84480K, used 49623K [0x00000000e0000000, 0x00000000e5280000, 0x00000000f5580000)
  object space 84480K, 58% used [0x00000000e0000000,0x00000000e3075f10,0x00000000e5280000)
 Metaspace       used 48804K, capacity 50066K, committed 50176K, reserved 1093632K
  class space    used 6334K, capacity 6633K, committed 6656K, reserved 1048576K
Event: 1326.872 GC heap after
Heap after GC invocations=27 (full 2):
 PSYoungGen      total 145408K, used 9984K [0x00000000f5580000, 0x00000000fff80000, 0x0000000100000000)
  eden space 117248K, 0% used [0x00000000f5580000,0x00000000f5580000,0x00000000fc800000)
  from space 28160K, 35% used [0x00000000fc800000,0x00000000fd1c0030,0x00000000fe380000)
  to   space 27648K, 0% used [0x00000000fe480000,0x00000000fe480000,0x00000000fff80000)
 ParOldGen       total 84480K, used 49631K [0x00000000e0000000, 0x00000000e5280000, 0x00000000f5580000)
  object space 84480K, 58% used [0x00000000e0000000,0x00000000e3077f10,0x00000000e5280000)
 Metaspace       used 48804K, capacity 50066K, committed 50176K, reserved 1093632K
  class space    used 6334K, capacity 6633K, committed 6656K, reserved 1048576K
}
Event: 1343.483 GC heap before
{Heap before GC invocations=28 (full 2):
 PSYoungGen      total 145408K, used 127232K [0x00000000f5580000, 0x00000000fff80000, 0x0000000100000000)
  eden space 117248K, 100% used [0x00000000f5580000,0x00000000fc800000,0x00000000fc800000)
  from space 28160K, 35% used [0x00000000fc800000,0x00000000fd1c0030,0x00000000fe380000)
  to   space 27648K, 0% used [0x00000000fe480000,0x00000000fe480000,0x00000000fff80000)
 ParOldGen       total 84480K, used 49631K [0x00000000e0000000, 0x00000000e5280000, 0x00000000f5580000)
  object space 84480K, 58% used [0x00000000e0000000,0x00000000e3077f10,0x00000000e5280000)
 Metaspace       used 48847K, capacity 50078K, committed 50176K, reserved 1093632K
  class space    used 6335K, capacity 6635K, committed 6656K, reserved 1048576K
Event: 1343.497 GC heap after
Heap after GC invocations=28 (full 2):
 PSYoungGen      total 145408K, used 7904K [0x00000000f5580000, 0x00000000ffe80000, 0x0000000100000000)
  eden space 118784K, 0% used [0x00000000f5580000,0x00000000f5580000,0x00000000fc980000)
  from space 26624K, 29% used [0x00000000fe480000,0x00000000fec38030,0x00000000ffe80000)
  to   space 27136K, 0% used [0x00000000fc980000,0x00000000fc980000,0x00000000fe400000)
 ParOldGen       total 84480K, used 50951K [0x00000000e0000000, 0x00000000e5280000, 0x00000000f5580000)
  object space 84480K, 60% used [0x00000000e0000000,0x00000000e31c1f60,0x00000000e5280000)
 Metaspace       used 48847K, capacity 50078K, committed 50176K, reserved 1093632K
  class space    used 6335K, capacity 6635K, committed 6656K, reserved 1048576K
}
Event: 1345.218 GC heap before
{Heap before GC invocations=29 (full 2):
 PSYoungGen      total 145408K, used 126688K [0x00000000f5580000, 0x00000000ffe80000, 0x0000000100000000)
  eden space 118784K, 100% used [0x00000000f5580000,0x00000000fc980000,0x00000000fc980000)
  from space 26624K, 29% used [0x00000000fe480000,0x00000000fec38030,0x00000000ffe80000)
  to   space 27136K, 0% used [0x00000000fc980000,0x00000000fc980000,0x00000000fe400000)
 ParOldGen       total 84480K, used 50951K [0x00000000e0000000, 0x00000000e5280000, 0x00000000f5580000)
  object space 84480K, 60% used [0x00000000e0000000,0x00000000e31c1f60,0x00000000e5280000)
 Metaspace       used 49609K, capacity 51984K, committed 52096K, reserved 1093632K
  class space    used 6501K, capacity 6942K, committed 7040K, reserved 1048576K
Event: 1345.228 GC heap after
Heap after GC invocations=29 (full 2):
 PSYoungGen      total 145920K, used 7904K [0x00000000f5580000, 0x00000000fff80000, 0x0000000100000000)
  eden space 118784K, 0% used [0x00000000f5580000,0x00000000f5580000,0x00000000fc980000)
  from space 27136K, 29% used [0x00000000fc980000,0x00000000fd138010,0x00000000fe400000)
  to   space 26624K, 0% used [0x00000000fe580000,0x00000000fe580000,0x00000000fff80000)
 ParOldGen       total 84480K, used 51015K [0x00000000e0000000, 0x00000000e5280000, 0x00000000f5580000)
  object space 84480K, 60% used [0x00000000e0000000,0x00000000e31d1f60,0x00000000e5280000)
 Metaspace       used 49609K, capacity 51984K, committed 52096K, reserved 1093632K
  class space    used 6501K, capacity 6942K, committed 7040K, reserved 1048576K
}
Event: 1569.824 GC heap before
{Heap before GC invocations=30 (full 2):
 PSYoungGen      total 145920K, used 126688K [0x00000000f5580000, 0x00000000fff80000, 0x0000000100000000)
  eden space 118784K, 100% used [0x00000000f5580000,0x00000000fc980000,0x00000000fc980000)
  from space 27136K, 29% used [0x00000000fc980000,0x00000000fd138010,0x00000000fe400000)
  to   space 26624K, 0% used [0x00000000fe580000,0x00000000fe580000,0x00000000fff80000)
 ParOldGen       total 84480K, used 51015K [0x00000000e0000000, 0x00000000e5280000, 0x00000000f5580000)
  object space 84480K, 60% used [0x00000000e0000000,0x00000000e31d1f60,0x00000000e5280000)
 Metaspace       used 49664K, capacity 52054K, committed 52352K, reserved 1095680K
  class space    used 6502K, capacity 6943K, committed 7040K, reserved 1048576K
Event: 1569.834 GC heap after
Heap after GC invocations=30 (full 2):
 PSYoungGen      total 146432K, used 7520K [0x00000000f5580000, 0x00000000ffe80000, 0x0000000100000000)
  eden space 120832K, 0% used [0x00000000f5580000,0x00000000f5580000,0x00000000fcb80000)
  from space 25600K, 29% used [0x00000000fe580000,0x00000000fecd8010,0x00000000ffe80000)
  to   space 26112K, 0% used [0x00000000fcb80000,0x00000000fcb80000,0x00000000fe500000)
 ParOldGen       total 84480K, used 51047K [0x00000000e0000000, 0x00000000e5280000, 0x00000000f5580000)
  object space 84480K, 60% used [0x00000000e0000000,0x00000000e31d9f60,0x00000000e5280000)
 Metaspace       used 49664K, capacity 52054K, committed 52352K, reserved 1095680K
  class space    used 6502K, capacity 6943K, committed 7040K, reserved 1048576K
}

