# JRE version: OpenJDK Runtime Environment (8.0_242-b08) (build 1.8.0_242-8u242-b08-0ubuntu3~18.04-b08)
# Java VM: OpenJDK 64-Bit Server VM (25.242-b08 mixed mode linux-amd64 compressed oops)
Heap:
 PSYoungGen      total 40448K, used 29336K [0x00000000f5580000, 0x00000000fa580000, 0x0000000100000000)
  eden space 31232K, 93% used [0x00000000f5580000,0x00000000f7226160,0x00000000f7400000)
  from space 9216K, 0% used [0x00000000f9c80000,0x00000000f9c80000,0x00000000fa580000)
  to   space 10752K, 0% used [0x00000000f9080000,0x00000000f9080000,0x00000000f9b00000)
 ParOldGen       total 59392K, used 9711K [0x00000000e0000000, 0x00000000e3a00000, 0x00000000f5580000)
  object space 59392K, 16% used [0x00000000e0000000,0x00000000e097bc70,0x00000000e3a00000)
 Metaspace       used 24279K, capacity 24704K, committed 24832K, reserved 1071104K
  class space    used 3383K, capacity 3551K, committed 3584K, reserved 1048576K
GC Heap History (10 events):
Event: 1.514 GC heap before
{Heap before GC invocations=3 (full 0):
 PSYoungGen      total 36864K, used 35712K [0x00000000f5580000, 0x00000000f9d80000, 0x0000000100000000)
  eden space 31744K, 100% used [0x00000000f5580000,0x00000000f7480000,0x00000000f7480000)
  from space 5120K, 77% used [0x00000000f7980000,0x00000000f7d601e8,0x00000000f7e80000)
  to   space 5120K, 0% used [0x00000000f7480000,0x00000000f7480000,0x00000000f7980000)
 ParOldGen       total 84992K, used 16K [0x00000000e0000000, 0x00000000e5300000, 0x00000000f5580000)
  object space 84992K, 0% used [0x00000000e0000000,0x00000000e0004000,0x00000000e5300000)
 Metaspace       used 12131K, capacity 12434K, committed 12672K, reserved 1060864K
  class space    used 1659K, capacity 1793K, committed 1920K, reserved 1048576K
Event: 1.519 GC heap after
Heap after GC invocations=3 (full 0):
 PSYoungGen      total 36864K, used 5104K [0x00000000f5580000, 0x00000000f9d80000, 0x0000000100000000)
  eden space 31744K, 0% used [0x00000000f5580000,0x00000000f5580000,0x00000000f7480000)
  from space 5120K, 99% used [0x00000000f7480000,0x00000000f797c160,0x00000000f7980000)
  to   space 5120K, 0% used [0x00000000f9880000,0x00000000f9880000,0x00000000f9d80000)
 ParOldGen       total 84992K, used 939K [0x00000000e0000000, 0x00000000e5300000, 0x00000000f5580000)
  object space 84992K, 1% used [0x00000000e0000000,0x00000000e00eae98,0x00000000e5300000)
 Metaspace       used 12131K, capacity 12434K, committed 12672K, reserved 1060864K
  class space    used 1659K, capacity 1793K, committed 1920K, reserved 1048576K
}
Event: 2.450 GC heap before
{Heap before GC invocations=4 (full 0):
 PSYoungGen      total 36864K, used 36848K [0x00000000f5580000, 0x00000000f9d80000, 0x0000000100000000)
  eden space 31744K, 100% used [0x00000000f5580000,0x00000000f7480000,0x00000000f7480000)
  from space 5120K, 99% used [0x00000000f7480000,0x00000000f797c160,0x00000000f7980000)
  to   space 5120K, 0% used [0x00000000f9880000,0x00000000f9880000,0x00000000f9d80000)
 ParOldGen       total 84992K, used 939K [0x00000000e0000000, 0x00000000e5300000, 0x00000000f5580000)
  object space 84992K, 1% used [0x00000000e0000000,0x00000000e00eae98,0x00000000e5300000)
 Metaspace       used 14327K, capacity 14588K, committed 14720K, reserved 1062912K
  class space    used 2036K, capacity 2150K, committed 2176K, reserved 1048576K
Event: 2.458 GC heap after
Heap after GC invocations=4 (full 0):
 PSYoungGen      total 36864K, used 5093K [0x00000000f5580000, 0x00000000f9d80000, 0x0000000100000000)
  eden space 31744K, 0% used [0x00000000f5580000,0x00000000f5580000,0x00000000f7480000)
  from space 5120K, 99% used [0x00000000f9880000,0x00000000f9d794b0,0x00000000f9d80000)
  to   space 5120K, 0% used [0x00000000f7480000,0x00000000f7480000,0x00000000f7980000)
 ParOldGen       total 84992K, used 2930K [0x00000000e0000000, 0x00000000e5300000, 0x00000000f5580000)
  object space 84992K, 3% used [0x00000000e0000000,0x00000000e02dca38,0x00000000e5300000)
 Metaspace       used 14327K, capacity 14588K, committed 14720K, reserved 1062912K
  class space    used 2036K, capacity 2150K, committed 2176K, reserved 1048576K
}
Event: 3.309 GC heap before
{Heap before GC invocations=5 (full 0):
 PSYoungGen      total 36864K, used 36837K [0x00000000f5580000, 0x00000000f9d80000, 0x0000000100000000)
  eden space 31744K, 100% used [0x00000000f5580000,0x00000000f7480000,0x00000000f7480000)
  from space 5120K, 99% used [0x00000000f9880000,0x00000000f9d794b0,0x00000000f9d80000)
  to   space 5120K, 0% used [0x00000000f7480000,0x00000000f7480000,0x00000000f7980000)
 ParOldGen       total 84992K, used 2930K [0x00000000e0000000, 0x00000000e5300000, 0x00000000f5580000)
  object space 84992K, 3% used [0x00000000e0000000,0x00000000e02dca38,0x00000000e5300000)
 Metaspace       used 16902K, capacity 17290K, committed 17536K, reserved 1064960K
  class space    used 2446K, capacity 2607K, committed 2688K, reserved 1048576K
Event: 3.320 GC heap after
Heap after GC invocations=5 (full 0):
 PSYoungGen      total 36864K, used 5104K [0x00000000f5580000, 0x00000000fa580000, 0x0000000100000000)
  eden space 31744K, 0% used [0x00000000f5580000,0x00000000f5580000,0x00000000f7480000)
  from space 5120K, 99% used [0x00000000f7480000,0x00000000f797c040,0x00000000f7980000)
  to   space 9216K, 0% used [0x00000000f9c80000,0x00000000f9c80000,0x00000000fa580000)
 ParOldGen       total 84992K, used 5729K [0x00000000e0000000, 0x00000000e5300000, 0x00000000f5580000)
  object space 84992K, 6% used [0x00000000e0000000,0x00000000e0598548,0x00000000e5300000)
 Metaspace       used 16902K, capacity 17290K, committed 17536K, reserved 1064960K
  class space    used 2446K, capacity 2607K, committed 2688K, reserved 1048576K
}
Event: 4.199 GC heap before
{Heap before GC invocations=6 (full 0):
 PSYoungGen      total 36864K, used 36022K [0x00000000f5580000, 0x00000000fa580000, 0x0000000100000000)
  eden space 31744K, 97% used [0x00000000f5580000,0x00000000f73b1b30,0x00000000f7480000)
  from space 5120K, 99% used [0x00000000f7480000,0x00000000f797c040,0x00000000f7980000)
  to   space 9216K, 0% used [0x00000000f9c80000,0x00000000f9c80000,0x00000000fa580000)
 ParOldGen       total 84992K, used 5729K [0x00000000e0000000, 0x00000000e5300000, 0x00000000f5580000)
  object space 84992K, 6% used [0x00000000e0000000,0x00000000e0598548,0x00000000e5300000)
 Metaspace       used 20822K, capacity 21204K, committed 21248K, reserved 1067008K
  class space    used 2902K, capacity 3068K, committed 3072K, reserved 1048576K
Event: 4.206 GC heap after
Heap after GC invocations=6 (full 0):
 PSYoungGen      total 40448K, used 9157K [0x00000000f5580000, 0x00000000fa580000, 0x0000000100000000)
  eden space 31232K, 0% used [0x00000000f5580000,0x00000000f5580000,0x00000000f7400000)
  from space 9216K, 99% used [0x00000000f9c80000,0x00000000fa571478,0x00000000fa580000)
  to   space 10752K, 0% used [0x00000000f9080000,0x00000000f9080000,0x00000000f9b00000)
 ParOldGen       total 84992K, used 5737K [0x00000000e0000000, 0x00000000e5300000, 0x00000000f5580000)
  object space 84992K, 6% used [0x00000000e0000000,0x00000000e059a548,0x00000000e5300000)
 Metaspace       used 20822K, capacity 21204K, committed 21248K, reserved 1067008K
  class space    used 2902K, capacity 3068K, committed 3072K, reserved 1048576K
}
Event: 4.206 GC heap before
{Heap before GC invocations=7 (full 1):
 PSYoungGen      total 40448K, used 9157K [0x00000000f5580000, 0x00000000fa580000, 0x0000000100000000)
  eden space 31232K, 0% used [0x00000000f5580000,0x00000000f5580000,0x00000000f7400000)
  from space 9216K, 99% used [0x00000000f9c80000,0x00000000fa571478,0x00000000fa580000)
  to   space 10752K, 0% used [0x00000000f9080000,0x00000000f9080000,0x00000000f9b00000)
 ParOldGen       total 84992K, used 5737K [0x00000000e0000000, 0x00000000e5300000, 0x00000000f5580000)
  object space 84992K, 6% used [0x00000000e0000000,0x00000000e059a548,0x00000000e5300000)
 Metaspace       used 20822K, capacity 21204K, committed 21248K, reserved 1067008K
  class space    used 2902K, capacity 3068K, committed 3072K, reserved 1048576K
Event: 4.240 GC heap after
Heap after GC invocations=7 (full 1):
 PSYoungGen      total 40448K, used 0K [0x00000000f5580000, 0x00000000fa580000, 0x0000000100000000)
  eden space 31232K, 0% used [0x00000000f5580000,0x00000000f5580000,0x00000000f7400000)
  from space 9216K, 0% used [0x00000000f9c80000,0x00000000f9c80000,0x00000000fa580000)
  to   space 10752K, 0% used [0x00000000f9080000,0x00000000f9080000,0x00000000f9b00000)
 ParOldGen       total 59392K, used 9711K [0x00000000e0000000, 0x00000000e3a00000, 0x00000000f5580000)
  object space 59392K, 16% used [0x00000000e0000000,0x00000000e097bc70,0x00000000e3a00000)
 Metaspace       used 20822K, capacity 21204K, committed 21248K, reserved 1067008K
  class space    used 2902K, capacity 3068K, committed 3072K, reserved 1048576K
}

